"../../../Engine/Content/EditorResources/S_Actor.ubulk" 0
"../../../Engine/Content/EditorResources/S_Actor.uasset" 1
"../../../Engine/Content/EditorResources/S_Actor.uexp" 2
"../../../Engine/Content/EditorResources/S_BoxReflectionCapture.uasset" 3
"../../../Engine/Content/EditorResources/S_BoxReflectionCapture.uexp" 4
"../../../Engine/Content/EngineResources/DefaultTexture.ubulk" 5
"../../../Engine/Content/EngineResources/DefaultTexture.uasset" 6
"../../../Engine/Content/EngineResources/DefaultTexture.uexp" 7
"../../../Engine/Content/EngineResources/DefaultTextureCube.uasset" 8
"../../../Engine/Content/EngineResources/DefaultTextureCube.uexp" 9
"../../../Engine/Content/EngineResources/DefaultVolumeTexture2D.uasset" 10
"../../../Engine/Content/EngineResources/DefaultVolumeTexture2D.uexp" 11
"../../../Engine/Content/EngineResources/DefaultVolumeTexture.uasset" 12
"../../../Engine/Content/EngineResources/DefaultVolumeTexture.uexp" 13
"../../../Engine/Content/EditorResources/S_Trigger.ubulk" 14
"../../../Engine/Content/EditorResources/S_Trigger.uasset" 15
"../../../Engine/Content/EditorResources/S_Trigger.uexp" 16
"../../../Engine/Content/EditorResources/S_TriggerBox.uasset" 17
"../../../Engine/Content/EditorResources/S_TriggerBox.uexp" 18
"../../../Engine/Content/EditorResources/S_TriggerCapsule.uasset" 19
"../../../Engine/Content/EditorResources/S_TriggerCapsule.uexp" 20
"../../../Engine/Content/EditorResources/S_TriggerSphere.uasset" 21
"../../../Engine/Content/EditorResources/S_TriggerSphere.uexp" 22
"../../../Engine/Content/EngineMeshes/Sphere.ubulk" 23
"../../../Engine/Content/EngineMeshes/Sphere.uasset" 24
"../../../Engine/Content/EngineMeshes/Sphere.uexp" 25
"../../../Engine/Content/EngineResources/GradientTexture0.uasset" 26
"../../../Engine/Content/EngineResources/GradientTexture0.uexp" 27
"../../../Engine/Content/EngineResources/Black.uasset" 28
"../../../Engine/Content/EngineResources/Black.uexp" 29
"../../../Engine/Content/VREditor/LaserPointer/VR_LaserPower_01.ubulk" 30
"../../../Engine/Content/VREditor/LaserPointer/VR_LaserPower_01.uasset" 31
"../../../Engine/Content/VREditor/LaserPointer/VR_LaserPower_01.uexp" 32
"../../../Engine/Content/VREditor/TransformGizmo/TransformGizmoMaterial.uasset" 33
"../../../Engine/Content/VREditor/TransformGizmo/TransformGizmoMaterial.uexp" 34
"../../../Engine/Content/VREditor/TransformGizmo/TranslucentTransformGizmoMaterial.uasset" 35
"../../../Engine/Content/VREditor/TransformGizmo/TranslucentTransformGizmoMaterial.uexp" 36
"../../../Engine/Content/VREditor/TransformGizmo/PlaneTranslationHandle.ubulk" 37
"../../../Engine/Content/VREditor/TransformGizmo/PlaneTranslationHandle.uasset" 38
"../../../Engine/Content/VREditor/TransformGizmo/PlaneTranslationHandle.uexp" 39
"../../../Engine/Content/VREditor/TransformGizmo/BoundingBoxCorner.ubulk" 40
"../../../Engine/Content/VREditor/TransformGizmo/BoundingBoxCorner.uasset" 41
"../../../Engine/Content/VREditor/TransformGizmo/BoundingBoxCorner.uexp" 42
"../../../Engine/Content/VREditor/TransformGizmo/BoundingBoxEdge.ubulk" 43
"../../../Engine/Content/VREditor/TransformGizmo/BoundingBoxEdge.uasset" 44
"../../../Engine/Content/VREditor/TransformGizmo/BoundingBoxEdge.uexp" 45
"../../../Engine/Content/VREditor/TransformGizmo/Main.uasset" 46
"../../../Engine/Content/VREditor/TransformGizmo/Main.uexp" 47
"../../../Engine/Content/VREditor/TransformGizmo/Xray.uasset" 48
"../../../Engine/Content/VREditor/TransformGizmo/Xray.uexp" 49
"../../../Engine/Content/VREditor/TransformGizmo/SM_Sequencer_Node.ubulk" 50
"../../../Engine/Content/VREditor/TransformGizmo/SM_Sequencer_Node.uasset" 51
"../../../Engine/Content/VREditor/TransformGizmo/SM_Sequencer_Node.uexp" 52
"../../../Engine/Content/EditorMaterials/Camera/CineMat.uasset" 53
"../../../Engine/Content/EditorMaterials/Camera/CineMat.uexp" 54
"../../../Engine/Content/EditorMaterials/Camera/MI_CineMat_Rig.uasset" 55
"../../../Engine/Content/EditorMaterials/Camera/MI_CineMat_Rig.uexp" 56
"../../../Engine/Content/EditorMeshes/Camera/SM_CraneRig_Base.ubulk" 57
"../../../Engine/Content/EditorMeshes/Camera/SM_CraneRig_Base.uasset" 58
"../../../Engine/Content/EditorMeshes/Camera/SM_CraneRig_Base.uexp" 59
"../../../Engine/Content/EditorMeshes/Camera/SM_CraneRig_Arm.ubulk" 60
"../../../Engine/Content/EditorMeshes/Camera/SM_CraneRig_Arm.uasset" 61
"../../../Engine/Content/EditorMeshes/Camera/SM_CraneRig_Arm.uexp" 62
"../../../Engine/Content/EditorMeshes/Camera/SM_CraneRig_Mount.ubulk" 63
"../../../Engine/Content/EditorMeshes/Camera/SM_CraneRig_Mount.uasset" 64
"../../../Engine/Content/EditorMeshes/Camera/SM_CraneRig_Mount.uexp" 65
"../../../Engine/Content/EditorMeshes/Camera/SM_CraneRig_Body.ubulk" 66
"../../../Engine/Content/EditorMeshes/Camera/SM_CraneRig_Body.uasset" 67
"../../../Engine/Content/EditorMeshes/Camera/SM_CraneRig_Body.uexp" 68
"../../../Engine/Content/EditorMeshes/Camera/SM_RailRig_Track.ubulk" 69
"../../../Engine/Content/EditorMeshes/Camera/SM_RailRig_Track.uasset" 70
"../../../Engine/Content/EditorMeshes/Camera/SM_RailRig_Track.uexp" 71
"../../../Engine/Content/EditorMeshes/Camera/SM_RailRig_Mount.ubulk" 72
"../../../Engine/Content/EditorMeshes/Camera/SM_RailRig_Mount.uasset" 73
"../../../Engine/Content/EditorMeshes/Camera/SM_RailRig_Mount.uexp" 74
"../../../Engine/Content/EngineMaterials/T_Default_Material_Grid_M.ubulk" 75
"../../../Engine/Content/EngineMaterials/T_Default_Material_Grid_M.uasset" 76
"../../../Engine/Content/EngineMaterials/T_Default_Material_Grid_M.uexp" 77
"../../../Engine/Content/EngineMaterials/T_Default_Material_Grid_N.ubulk" 78
"../../../Engine/Content/EngineMaterials/T_Default_Material_Grid_N.uasset" 79
"../../../Engine/Content/EngineMaterials/T_Default_Material_Grid_N.uexp" 80
"../../../Engine/Content/Functions/Engine_MaterialFunctions01/Opacity/CameraDepthFade.uasset" 81
"../../../Engine/Content/Functions/Engine_MaterialFunctions01/Opacity/CameraDepthFade.uexp" 82
"../../../Engine/Content/EngineMaterials/WorldGridMaterial.uasset" 83
"../../../Engine/Content/EngineMaterials/WorldGridMaterial.uexp" 84
"../../../Engine/Content/ArtTools/RenderToTexture/Meshes/S_1_Unit_Plane.ubulk" 85
"../../../Engine/Content/ArtTools/RenderToTexture/Meshes/S_1_Unit_Plane.uasset" 86
"../../../Engine/Content/ArtTools/RenderToTexture/Meshes/S_1_Unit_Plane.uexp" 87
"../../../Engine/Content/EditorMaterials/ParticleSystems/PSysThumbnail_NoImage.ubulk" 88
"../../../Engine/Content/EditorMaterials/ParticleSystems/PSysThumbnail_NoImage.uasset" 89
"../../../Engine/Content/EditorMaterials/ParticleSystems/PSysThumbnail_NoImage.uexp" 90
"../../../Engine/Content/EditorMaterials/ParticleSystems/PSysThumbnail_OOD.ubulk" 91
"../../../Engine/Content/EditorMaterials/ParticleSystems/PSysThumbnail_OOD.uasset" 92
"../../../Engine/Content/EditorMaterials/ParticleSystems/PSysThumbnail_OOD.uexp" 93
"../../../Engine/Content/EditorLandscapeResources/SplineEditorMeshMat.uasset" 94
"../../../Engine/Content/EditorLandscapeResources/SplineEditorMeshMat.uexp" 95
"../../../Engine/Content/EditorLandscapeResources/SplineEditorMesh.ubulk" 96
"../../../Engine/Content/EditorLandscapeResources/SplineEditorMesh.uasset" 97
"../../../Engine/Content/EditorLandscapeResources/SplineEditorMesh.uexp" 98
"../../../Engine/Content/EditorResources/S_Solver.ubulk" 99
"../../../Engine/Content/EditorResources/S_Solver.uasset" 100
"../../../Engine/Content/EditorResources/S_Solver.uexp" 101
"../../../Engine/Plugins/Media/MediaPlate/Content/SM_MediaPlateScreen.ubulk" 102
"../../../Engine/Plugins/Media/MediaPlate/Content/SM_MediaPlateScreen.uasset" 103
"../../../Engine/Plugins/Media/MediaPlate/Content/SM_MediaPlateScreen.uexp" 104
"../../../Engine/Content/EngineMaterials/Good64x64TilingNoiseHighFreq.uasset" 105
"../../../Engine/Content/EngineMaterials/Good64x64TilingNoiseHighFreq.uexp" 106
"../../../Engine/Content/EngineMaterials/DefaultBokeh.uasset" 107
"../../../Engine/Content/EngineMaterials/DefaultBokeh.uexp" 108
"../../../Engine/Content/EngineMaterials/PreintegratedSkinBRDF.uasset" 109
"../../../Engine/Content/EngineMaterials/PreintegratedSkinBRDF.uexp" 110
"../../../Engine/Content/EngineMaterials/MiniFont.uasset" 111
"../../../Engine/Content/EngineMaterials/MiniFont.uexp" 112
"../../../Engine/Content/EngineMaterials/WeightMapPlaceholderTexture.uasset" 113
"../../../Engine/Content/EngineMaterials/WeightMapPlaceholderTexture.uexp" 114
"../../../Engine/Content/EngineMaterials/DefaultWhiteGrid.ubulk" 115
"../../../Engine/Content/EngineMaterials/DefaultWhiteGrid.uasset" 116
"../../../Engine/Content/EngineMaterials/DefaultWhiteGrid.uexp" 117
"../../../Engine/Plugins/2D/Paper2D/Content/PlaceholderTextures/DummySpriteTexture.ubulk" 118
"../../../Engine/Plugins/2D/Paper2D/Content/PlaceholderTextures/DummySpriteTexture.uasset" 119
"../../../Engine/Plugins/2D/Paper2D/Content/PlaceholderTextures/DummySpriteTexture.uexp" 120
"../../../Engine/Plugins/2D/Paper2D/Content/DefaultSpriteMaterial.uasset" 121
"../../../Engine/Plugins/2D/Paper2D/Content/DefaultSpriteMaterial.uexp" 122
"../../../Engine/Plugins/2D/Paper2D/Content/OpaqueUnlitSpriteMaterial.uasset" 123
"../../../Engine/Plugins/2D/Paper2D/Content/OpaqueUnlitSpriteMaterial.uexp" 124
"../../../Engine/Plugins/2D/Paper2D/Content/MaskedUnlitSpriteMaterial.uasset" 125
"../../../Engine/Plugins/2D/Paper2D/Content/MaskedUnlitSpriteMaterial.uexp" 126
"../../../Engine/Plugins/2D/Paper2D/Content/DummySprite.uasset" 127
"../../../Engine/Plugins/2D/Paper2D/Content/DummySprite.uexp" 128
"../../../Engine/Plugins/2D/Paper2D/Content/DefaultPaperTerrainMaterial.uasset" 129
"../../../Engine/Plugins/2D/Paper2D/Content/DefaultPaperTerrainMaterial.uexp" 130
"../../../Engine/Content/Functions/Engine_MaterialFunctions02/WorldPositionOffset/CameraOffset.uasset" 131
"../../../Engine/Content/Functions/Engine_MaterialFunctions02/WorldPositionOffset/CameraOffset.uexp" 132
"../../../Engine/Plugins/Animation/ControlRig/Content/M_Manip.uasset" 133
"../../../Engine/Plugins/Animation/ControlRig/Content/M_Manip.uexp" 134
"../../../Engine/Content/EditorLandscapeResources/DefaultAlphaTexture.uasset" 135
"../../../Engine/Content/EditorLandscapeResources/DefaultAlphaTexture.uexp" 136
"../../../Engine/Content/EditorLandscapeResources/DataLayer.uasset" 137
"../../../Engine/Content/EditorLandscapeResources/DataLayer.uexp" 138
"../../../Engine/Content/EngineSounds/Master.uasset" 139
"../../../Engine/Content/EngineSounds/Master.uexp" 140
"../../../Engine/Plugins/Editor/SpeedTreeImporter/Content/SpeedTree9/game_wind_noise.ubulk" 141
"../../../Engine/Plugins/Editor/SpeedTreeImporter/Content/SpeedTree9/game_wind_noise.uasset" 142
"../../../Engine/Plugins/Editor/SpeedTreeImporter/Content/SpeedTree9/game_wind_noise.uexp" 143
"../../../Engine/Plugins/Editor/SpeedTreeImporter/Content/SpeedTree9/UnpackDirection.uasset" 144
"../../../Engine/Plugins/Editor/SpeedTreeImporter/Content/SpeedTree9/UnpackDirection.uexp" 145
"../../../Engine/Content/Functions/Engine_MaterialFunctions02/ObjectLocalBounds.uasset" 146
"../../../Engine/Content/Functions/Engine_MaterialFunctions02/ObjectLocalBounds.uexp" 147
"../../../Engine/Content/Functions/Engine_MaterialFunctions02/Utility/BreakOutFloat3Components.uasset" 148
"../../../Engine/Content/Functions/Engine_MaterialFunctions02/Utility/BreakOutFloat3Components.uexp" 149
"../../../Engine/Content/Functions/Engine_MaterialFunctions02/UVs/BoundingBoxBased_0-1_UVW.uasset" 150
"../../../Engine/Content/Functions/Engine_MaterialFunctions02/UVs/BoundingBoxBased_0-1_UVW.uexp" 151
"../../../Engine/Content/Functions/Engine_MaterialFunctions02/Utility/VectorLength.uasset" 152
"../../../Engine/Content/Functions/Engine_MaterialFunctions02/Utility/VectorLength.uexp" 153
"../../../Engine/Plugins/Editor/SpeedTreeImporter/Content/SpeedTree9/UnpackInteger3.uasset" 154
"../../../Engine/Plugins/Editor/SpeedTreeImporter/Content/SpeedTree9/UnpackInteger3.uexp" 155
"../../../Engine/Plugins/Editor/SpeedTreeImporter/Content/SpeedTree9/SpeedTreeCameraFacing.uasset" 156
"../../../Engine/Plugins/Editor/SpeedTreeImporter/Content/SpeedTree9/SpeedTreeCameraFacing.uexp" 157
"../../../Engine/Content/Functions/Engine_MaterialFunctions02/WorldPositionOffset/ObjectScale.uasset" 158
"../../../Engine/Content/Functions/Engine_MaterialFunctions02/WorldPositionOffset/ObjectScale.uexp" 159
"../../../Engine/Content/Functions/Engine_MaterialFunctions02/SafeNormalize.uasset" 160
"../../../Engine/Content/Functions/Engine_MaterialFunctions02/SafeNormalize.uexp" 161
"../../../Engine/Plugins/Editor/SpeedTreeImporter/Content/SpeedTree9/SpeedTreeWindMotion.uasset" 162
"../../../Engine/Plugins/Editor/SpeedTreeImporter/Content/SpeedTree9/SpeedTreeWindMotion.uexp" 163
"../../../Engine/Plugins/Editor/SpeedTreeImporter/Content/SpeedTree9/SpeedTreeBranchMotion.uasset" 164
"../../../Engine/Plugins/Editor/SpeedTreeImporter/Content/SpeedTree9/SpeedTreeBranchMotion.uexp" 165
"../../../Engine/Plugins/Editor/SpeedTreeImporter/Content/SpeedTree9/SpeedTreeWind.uasset" 166
"../../../Engine/Plugins/Editor/SpeedTreeImporter/Content/SpeedTree9/SpeedTreeWind.uexp" 167
"../../../Engine/Plugins/Editor/SpeedTreeImporter/Content/SpeedTree9/EmptyNormal.uasset" 168
"../../../Engine/Plugins/Editor/SpeedTreeImporter/Content/SpeedTree9/EmptyNormal.uexp" 169
"../../../Engine/Plugins/Editor/SpeedTreeImporter/Content/SpeedTree9/Empty.uasset" 170
"../../../Engine/Plugins/Editor/SpeedTreeImporter/Content/SpeedTree9/Empty.uexp" 171
"../../../Engine/Plugins/Editor/SpeedTreeImporter/Content/SpeedTree9/SpeedTreeMaster.uasset" 172
"../../../Engine/Plugins/Editor/SpeedTreeImporter/Content/SpeedTree9/SpeedTreeMaster.uexp" 173
"../../../Engine/Plugins/Editor/SpeedTreeImporter/Content/SpeedTree9/SpeedTreeBillboard.uasset" 174
"../../../Engine/Plugins/Editor/SpeedTreeImporter/Content/SpeedTree9/SpeedTreeBillboard.uexp" 175
"../../../Engine/Plugins/Editor/SpeedTreeImporter/Content/SpeedTree9/SpeedTreeBillboardMaster.uasset" 176
"../../../Engine/Plugins/Editor/SpeedTreeImporter/Content/SpeedTree9/SpeedTreeBillboardMaster.uexp" 177
"../../../Engine/Plugins/Animation/ControlRig/Content/Controls/DefaultGizmoLibraryNormalized.uasset" 178
"../../../Engine/Plugins/Animation/ControlRig/Content/Controls/DefaultGizmoLibraryNormalized.uexp" 179
"../../../Engine/Plugins/Animation/ControlRig/Content/Controls/ControlRig_Wedge_solid.ubulk" 180
"../../../Engine/Plugins/Animation/ControlRig/Content/Controls/ControlRig_Wedge_solid.uasset" 181
"../../../Engine/Plugins/Animation/ControlRig/Content/Controls/ControlRig_Wedge_solid.uexp" 182
"../../../Engine/Plugins/Animation/ControlRig/Content/Controls/ControlRig_Wedge_3mm.ubulk" 183
"../../../Engine/Plugins/Animation/ControlRig/Content/Controls/ControlRig_Wedge_3mm.uasset" 184
"../../../Engine/Plugins/Animation/ControlRig/Content/Controls/ControlRig_Wedge_3mm.uexp" 185
"../../../Engine/Plugins/Animation/ControlRig/Content/Controls/ControlRig_Wedge_1mm.ubulk" 186
"../../../Engine/Plugins/Animation/ControlRig/Content/Controls/ControlRig_Wedge_1mm.uasset" 187
"../../../Engine/Plugins/Animation/ControlRig/Content/Controls/ControlRig_Wedge_1mm.uexp" 188
"../../../Engine/Plugins/Animation/ControlRig/Content/Controls/ControlRig_Triangle_solid.ubulk" 189
"../../../Engine/Plugins/Animation/ControlRig/Content/Controls/ControlRig_Triangle_solid.uasset" 190
"../../../Engine/Plugins/Animation/ControlRig/Content/Controls/ControlRig_Triangle_solid.uexp" 191
"../../../Engine/Plugins/Animation/ControlRig/Content/Controls/ControlRig_Triangle_3mm.ubulk" 192
"../../../Engine/Plugins/Animation/ControlRig/Content/Controls/ControlRig_Triangle_3mm.uasset" 193
"../../../Engine/Plugins/Animation/ControlRig/Content/Controls/ControlRig_Triangle_3mm.uexp" 194
"../../../Engine/Plugins/Animation/ControlRig/Content/Controls/ControlRig_Triangle_1mm.ubulk" 195
"../../../Engine/Plugins/Animation/ControlRig/Content/Controls/ControlRig_Triangle_1mm.uasset" 196
"../../../Engine/Plugins/Animation/ControlRig/Content/Controls/ControlRig_Triangle_1mm.uexp" 197
"../../../Engine/Plugins/Animation/ControlRig/Content/Controls/ControlRig_Star4_solid.ubulk" 198
"../../../Engine/Plugins/Animation/ControlRig/Content/Controls/ControlRig_Star4_solid.uasset" 199
"../../../Engine/Plugins/Animation/ControlRig/Content/Controls/ControlRig_Star4_solid.uexp" 200
"../../../Engine/Plugins/Animation/ControlRig/Content/Controls/ControlRig_Star4_3mm.ubulk" 201
"../../../Engine/Plugins/Animation/ControlRig/Content/Controls/ControlRig_Star4_3mm.uasset" 202
"../../../Engine/Plugins/Animation/ControlRig/Content/Controls/ControlRig_Star4_3mm.uexp" 203
"../../../Engine/Plugins/Animation/ControlRig/Content/Controls/ControlRig_Star4_1mm.ubulk" 204
"../../../Engine/Plugins/Animation/ControlRig/Content/Controls/ControlRig_Star4_1mm.uasset" 205
"../../../Engine/Plugins/Animation/ControlRig/Content/Controls/ControlRig_Star4_1mm.uexp" 206
"../../../Engine/Plugins/Animation/ControlRig/Content/Controls/ControlRig_Square_solid.ubulk" 207
"../../../Engine/Plugins/Animation/ControlRig/Content/Controls/ControlRig_Square_solid.uasset" 208
"../../../Engine/Plugins/Animation/ControlRig/Content/Controls/ControlRig_Square_solid.uexp" 209
"../../../Engine/Plugins/Animation/ControlRig/Content/Controls/ControlRig_Square_3mm.ubulk" 210
"../../../Engine/Plugins/Animation/ControlRig/Content/Controls/ControlRig_Square_3mm.uasset" 211
"../../../Engine/Plugins/Animation/ControlRig/Content/Controls/ControlRig_Square_3mm.uexp" 212
"../../../Engine/Plugins/Animation/ControlRig/Content/Controls/ControlRig_Square_1mm.ubulk" 213
"../../../Engine/Plugins/Animation/ControlRig/Content/Controls/ControlRig_Square_1mm.uasset" 214
"../../../Engine/Plugins/Animation/ControlRig/Content/Controls/ControlRig_Square_1mm.uexp" 215
"../../../Engine/Plugins/Animation/ControlRig/Content/Controls/ControlRig_Sphere_solid.ubulk" 216
"../../../Engine/Plugins/Animation/ControlRig/Content/Controls/ControlRig_Sphere_solid.uasset" 217
"../../../Engine/Plugins/Animation/ControlRig/Content/Controls/ControlRig_Sphere_solid.uexp" 218
"../../../Engine/Plugins/Animation/ControlRig/Content/Controls/ControlRig_Sphere_3mm.ubulk" 219
"../../../Engine/Plugins/Animation/ControlRig/Content/Controls/ControlRig_Sphere_3mm.uasset" 220
"../../../Engine/Plugins/Animation/ControlRig/Content/Controls/ControlRig_Sphere_3mm.uexp" 221
"../../../Engine/Plugins/Animation/ControlRig/Content/Controls/ControlRig_Sphere_1mm.ubulk" 222
"../../../Engine/Plugins/Animation/ControlRig/Content/Controls/ControlRig_Sphere_1mm.uasset" 223
"../../../Engine/Plugins/Animation/ControlRig/Content/Controls/ControlRig_Sphere_1mm.uexp" 224
"../../../Engine/Plugins/Animation/ControlRig/Content/Controls/ControlRig_RoundedTriangle_solid.ubulk" 225
"../../../Engine/Plugins/Animation/ControlRig/Content/Controls/ControlRig_RoundedTriangle_solid.uasset" 226
"../../../Engine/Plugins/Animation/ControlRig/Content/Controls/ControlRig_RoundedTriangle_solid.uexp" 227
"../../../Engine/Plugins/Animation/ControlRig/Content/Controls/ControlRig_RoundedTriangle_3mm.ubulk" 228
"../../../Engine/Plugins/Animation/ControlRig/Content/Controls/ControlRig_RoundedTriangle_3mm.uasset" 229
"../../../Engine/Plugins/Animation/ControlRig/Content/Controls/ControlRig_RoundedTriangle_3mm.uexp" 230
"../../../Engine/Plugins/Animation/ControlRig/Content/Controls/ControlRig_RoundedTriangle_1mm.ubulk" 231
"../../../Engine/Plugins/Animation/ControlRig/Content/Controls/ControlRig_RoundedTriangle_1mm.uasset" 232
"../../../Engine/Plugins/Animation/ControlRig/Content/Controls/ControlRig_RoundedTriangle_1mm.uexp" 233
"../../../Engine/Plugins/Animation/ControlRig/Content/Controls/ControlRig_RoundedSquare_solid.ubulk" 234
"../../../Engine/Plugins/Animation/ControlRig/Content/Controls/ControlRig_RoundedSquare_solid.uasset" 235
"../../../Engine/Plugins/Animation/ControlRig/Content/Controls/ControlRig_RoundedSquare_solid.uexp" 236
"../../../Engine/Plugins/Animation/ControlRig/Content/Controls/ControlRig_RoundedSquare_3mm.ubulk" 237
"../../../Engine/Plugins/Animation/ControlRig/Content/Controls/ControlRig_RoundedSquare_3mm.uasset" 238
"../../../Engine/Plugins/Animation/ControlRig/Content/Controls/ControlRig_RoundedSquare_3mm.uexp" 239
"../../../Engine/Plugins/Animation/ControlRig/Content/Controls/ControlRig_RoundedSquare_1mm.ubulk" 240
"../../../Engine/Plugins/Animation/ControlRig/Content/Controls/ControlRig_RoundedSquare_1mm.uasset" 241
"../../../Engine/Plugins/Animation/ControlRig/Content/Controls/ControlRig_RoundedSquare_1mm.uexp" 242
"../../../Engine/Plugins/Animation/ControlRig/Content/Controls/ControlRig_QuarterCircle_solid.ubulk" 243
"../../../Engine/Plugins/Animation/ControlRig/Content/Controls/ControlRig_QuarterCircle_solid.uasset" 244
"../../../Engine/Plugins/Animation/ControlRig/Content/Controls/ControlRig_QuarterCircle_solid.uexp" 245
"../../../Engine/Plugins/Animation/ControlRig/Content/Controls/ControlRig_QuarterCircle_3mm.ubulk" 246
"../../../Engine/Plugins/Animation/ControlRig/Content/Controls/ControlRig_QuarterCircle_3mm.uasset" 247
"../../../Engine/Plugins/Animation/ControlRig/Content/Controls/ControlRig_QuarterCircle_3mm.uexp" 248
"../../../Engine/Plugins/Animation/ControlRig/Content/Controls/ControlRig_QuarterCircle_1mm.ubulk" 249
"../../../Engine/Plugins/Animation/ControlRig/Content/Controls/ControlRig_QuarterCircle_1mm.uasset" 250
"../../../Engine/Plugins/Animation/ControlRig/Content/Controls/ControlRig_QuarterCircle_1mm.uexp" 251
"../../../Engine/Plugins/Animation/ControlRig/Content/Controls/ControlRig_Pyramid_solid.ubulk" 252
"../../../Engine/Plugins/Animation/ControlRig/Content/Controls/ControlRig_Pyramid_solid.uasset" 253
"../../../Engine/Plugins/Animation/ControlRig/Content/Controls/ControlRig_Pyramid_solid.uexp" 254
"../../../Engine/Plugins/Animation/ControlRig/Content/Controls/ControlRig_Pyramid_3mm.ubulk" 255
"../../../Engine/Plugins/Animation/ControlRig/Content/Controls/ControlRig_Pyramid_3mm.uasset" 256
"../../../Engine/Plugins/Animation/ControlRig/Content/Controls/ControlRig_Pyramid_3mm.uexp" 257
"../../../Engine/Plugins/Animation/ControlRig/Content/Controls/ControlRig_Pyramid_1mm.ubulk" 258
"../../../Engine/Plugins/Animation/ControlRig/Content/Controls/ControlRig_Pyramid_1mm.uasset" 259
"../../../Engine/Plugins/Animation/ControlRig/Content/Controls/ControlRig_Pyramid_1mm.uexp" 260
"../../../Engine/Plugins/Animation/ControlRig/Content/Controls/ControlRig_Octagon_solid.ubulk" 261
"../../../Engine/Plugins/Animation/ControlRig/Content/Controls/ControlRig_Octagon_solid.uasset" 262
"../../../Engine/Plugins/Animation/ControlRig/Content/Controls/ControlRig_Octagon_solid.uexp" 263
"../../../Engine/Plugins/Animation/ControlRig/Content/Controls/ControlRig_Octagon_3mm.ubulk" 264
"../../../Engine/Plugins/Animation/ControlRig/Content/Controls/ControlRig_Octagon_3mm.uasset" 265
"../../../Engine/Plugins/Animation/ControlRig/Content/Controls/ControlRig_Octagon_3mm.uexp" 266
"../../../Engine/Plugins/Animation/ControlRig/Content/Controls/ControlRig_Octagon_1mm.ubulk" 267
"../../../Engine/Plugins/Animation/ControlRig/Content/Controls/ControlRig_Octagon_1mm.uasset" 268
"../../../Engine/Plugins/Animation/ControlRig/Content/Controls/ControlRig_Octagon_1mm.uexp" 269
"../../../Engine/Plugins/Runtime/MeshModelingToolset/Content/Materials/M_DynamicMeshComponentVtxColor.uasset" 270
"../../../Engine/Plugins/Runtime/MeshModelingToolset/Content/Materials/M_DynamicMeshComponentVtxColor.uexp" 271
"../../../Engine/Plugins/Interchange/Runtime/Content/Pipelines/DefaultTexturePipeline.uasset" 272
"../../../Engine/Plugins/Interchange/Runtime/Content/Pipelines/DefaultTexturePipeline.uexp" 273
"../../../Engine/Plugins/Interchange/Runtime/Content/Pipelines/DefaultSceneLevelPipeline.uasset" 274
"../../../Engine/Plugins/Interchange/Runtime/Content/Pipelines/DefaultSceneLevelPipeline.uexp" 275
"../../../Engine/Plugins/Interchange/Runtime/Content/Pipelines/DefaultSceneAssetsPipeline.uasset" 276
"../../../Engine/Plugins/Interchange/Runtime/Content/Pipelines/DefaultSceneAssetsPipeline.uexp" 277
"../../../Engine/Plugins/Interchange/Runtime/Content/Pipelines/DefaultMaterialPipeline.uasset" 278
"../../../Engine/Plugins/Interchange/Runtime/Content/Pipelines/DefaultMaterialPipeline.uexp" 279
"../../../Engine/Plugins/Interchange/Runtime/Content/Pipelines/DefaultAssetsPipeline.uasset" 280
"../../../Engine/Plugins/Interchange/Runtime/Content/Pipelines/DefaultAssetsPipeline.uexp" 281
"../../../Engine/Plugins/Animation/ControlRig/Content/Controls/ControlRig_Hexagon_solid.ubulk" 282
"../../../Engine/Plugins/Animation/ControlRig/Content/Controls/ControlRig_Hexagon_solid.uasset" 283
"../../../Engine/Plugins/Animation/ControlRig/Content/Controls/ControlRig_Hexagon_solid.uexp" 284
"../../../Engine/Plugins/Animation/ControlRig/Content/Controls/ControlRig_Hexagon_3mm.ubulk" 285
"../../../Engine/Plugins/Animation/ControlRig/Content/Controls/ControlRig_Hexagon_3mm.uasset" 286
"../../../Engine/Plugins/Animation/ControlRig/Content/Controls/ControlRig_Hexagon_3mm.uexp" 287
"../../../Engine/Plugins/Animation/ControlRig/Content/Controls/ControlRig_Hexagon_1mm.ubulk" 288
"../../../Engine/Plugins/Animation/ControlRig/Content/Controls/ControlRig_Hexagon_1mm.uasset" 289
"../../../Engine/Plugins/Animation/ControlRig/Content/Controls/ControlRig_Hexagon_1mm.uexp" 290
"../../../Engine/Plugins/Animation/ControlRig/Content/Controls/ControlRig_HalfCircle_solid.ubulk" 291
"../../../Engine/Plugins/Animation/ControlRig/Content/Controls/ControlRig_HalfCircle_solid.uasset" 292
"../../../Engine/Plugins/Animation/ControlRig/Content/Controls/ControlRig_HalfCircle_solid.uexp" 293
"../../../Engine/Plugins/Animation/ControlRig/Content/Controls/ControlRig_HalfCircle_3mm.ubulk" 294
"../../../Engine/Plugins/Animation/ControlRig/Content/Controls/ControlRig_HalfCircle_3mm.uasset" 295
"../../../Engine/Plugins/Animation/ControlRig/Content/Controls/ControlRig_HalfCircle_3mm.uexp" 296
"../../../Engine/Plugins/Animation/ControlRig/Content/Controls/ControlRig_HalfCircle_1mm.ubulk" 297
"../../../Engine/Plugins/Animation/ControlRig/Content/Controls/ControlRig_HalfCircle_1mm.uasset" 298
"../../../Engine/Plugins/Animation/ControlRig/Content/Controls/ControlRig_HalfCircle_1mm.uexp" 299
"../../../Engine/Plugins/Animation/ControlRig/Content/Controls/ControlRig_Diamond_solid.ubulk" 300
"../../../Engine/Plugins/Animation/ControlRig/Content/Controls/ControlRig_Diamond_solid.uasset" 301
"../../../Engine/Plugins/Animation/ControlRig/Content/Controls/ControlRig_Diamond_solid.uexp" 302
"../../../Engine/Plugins/Animation/ControlRig/Content/Controls/ControlRig_Diamond_3mm.ubulk" 303
"../../../Engine/Plugins/Animation/ControlRig/Content/Controls/ControlRig_Diamond_3mm.uasset" 304
"../../../Engine/Plugins/Animation/ControlRig/Content/Controls/ControlRig_Diamond_3mm.uexp" 305
"../../../Engine/Plugins/Animation/ControlRig/Content/Controls/ControlRig_Diamond_1mm.ubulk" 306
"../../../Engine/Plugins/Animation/ControlRig/Content/Controls/ControlRig_Diamond_1mm.uasset" 307
"../../../Engine/Plugins/Animation/ControlRig/Content/Controls/ControlRig_Diamond_1mm.uexp" 308
"../../../Engine/Plugins/Animation/ControlRig/Content/Controls/ControlRig_Circle_solid.ubulk" 309
"../../../Engine/Plugins/Animation/ControlRig/Content/Controls/ControlRig_Circle_solid.uasset" 310
"../../../Engine/Plugins/Animation/ControlRig/Content/Controls/ControlRig_Circle_solid.uexp" 311
"../../../Engine/Plugins/Animation/ControlRig/Content/Controls/ControlRig_Circle_3mm.ubulk" 312
"../../../Engine/Plugins/Animation/ControlRig/Content/Controls/ControlRig_Circle_3mm.uasset" 313
"../../../Engine/Plugins/Animation/ControlRig/Content/Controls/ControlRig_Circle_3mm.uexp" 314
"../../../Engine/Plugins/Animation/ControlRig/Content/Controls/ControlRig_Circle_1mm.ubulk" 315
"../../../Engine/Plugins/Animation/ControlRig/Content/Controls/ControlRig_Circle_1mm.uasset" 316
"../../../Engine/Plugins/Animation/ControlRig/Content/Controls/ControlRig_Circle_1mm.uexp" 317
"../../../Engine/Plugins/Animation/ControlRig/Content/Controls/ControlRig_Box_solid.ubulk" 318
"../../../Engine/Plugins/Animation/ControlRig/Content/Controls/ControlRig_Box_solid.uasset" 319
"../../../Engine/Plugins/Animation/ControlRig/Content/Controls/ControlRig_Box_solid.uexp" 320
"../../../Engine/Plugins/Animation/ControlRig/Content/Controls/ControlRig_Box_3mm.ubulk" 321
"../../../Engine/Plugins/Animation/ControlRig/Content/Controls/ControlRig_Box_3mm.uasset" 322
"../../../Engine/Plugins/Animation/ControlRig/Content/Controls/ControlRig_Box_3mm.uexp" 323
"../../../Engine/Plugins/Animation/ControlRig/Content/Controls/ControlRig_Box_1mm.ubulk" 324
"../../../Engine/Plugins/Animation/ControlRig/Content/Controls/ControlRig_Box_1mm.uasset" 325
"../../../Engine/Plugins/Animation/ControlRig/Content/Controls/ControlRig_Box_1mm.uexp" 326
"../../../Engine/Plugins/Animation/ControlRig/Content/Controls/ControlRig_Arrow_solid.ubulk" 327
"../../../Engine/Plugins/Animation/ControlRig/Content/Controls/ControlRig_Arrow_solid.uasset" 328
"../../../Engine/Plugins/Animation/ControlRig/Content/Controls/ControlRig_Arrow_solid.uexp" 329
"../../../Engine/Plugins/Animation/ControlRig/Content/Controls/ControlRig_Arrow_3mm.ubulk" 330
"../../../Engine/Plugins/Animation/ControlRig/Content/Controls/ControlRig_Arrow_3mm.uasset" 331
"../../../Engine/Plugins/Animation/ControlRig/Content/Controls/ControlRig_Arrow_3mm.uexp" 332
"../../../Engine/Plugins/Animation/ControlRig/Content/Controls/ControlRig_Arrow_1mm.ubulk" 333
"../../../Engine/Plugins/Animation/ControlRig/Content/Controls/ControlRig_Arrow_1mm.uasset" 334
"../../../Engine/Plugins/Animation/ControlRig/Content/Controls/ControlRig_Arrow_1mm.uexp" 335
"../../../Engine/Plugins/Animation/ControlRig/Content/Controls/ControlRig_Arrow4_solid.ubulk" 336
"../../../Engine/Plugins/Animation/ControlRig/Content/Controls/ControlRig_Arrow4_solid.uasset" 337
"../../../Engine/Plugins/Animation/ControlRig/Content/Controls/ControlRig_Arrow4_solid.uexp" 338
"../../../Engine/Plugins/Animation/ControlRig/Content/Controls/ControlRig_Arrow4_3mm.ubulk" 339
"../../../Engine/Plugins/Animation/ControlRig/Content/Controls/ControlRig_Arrow4_3mm.uasset" 340
"../../../Engine/Plugins/Animation/ControlRig/Content/Controls/ControlRig_Arrow4_3mm.uexp" 341
"../../../Engine/Plugins/Animation/ControlRig/Content/Controls/ControlRig_Arrow4_1mm.ubulk" 342
"../../../Engine/Plugins/Animation/ControlRig/Content/Controls/ControlRig_Arrow4_1mm.uasset" 343
"../../../Engine/Plugins/Animation/ControlRig/Content/Controls/ControlRig_Arrow4_1mm.uexp" 344
"../../../Engine/Plugins/Animation/ControlRig/Content/Controls/ControlRig_Arrow2_solid.ubulk" 345
"../../../Engine/Plugins/Animation/ControlRig/Content/Controls/ControlRig_Arrow2_solid.uasset" 346
"../../../Engine/Plugins/Animation/ControlRig/Content/Controls/ControlRig_Arrow2_solid.uexp" 347
"../../../Engine/Plugins/Animation/ControlRig/Content/Controls/ControlRig_Arrow2_3mm.ubulk" 348
"../../../Engine/Plugins/Animation/ControlRig/Content/Controls/ControlRig_Arrow2_3mm.uasset" 349
"../../../Engine/Plugins/Animation/ControlRig/Content/Controls/ControlRig_Arrow2_3mm.uexp" 350
"../../../Engine/Plugins/Animation/ControlRig/Content/Controls/ControlRig_Arrow2_1mm.ubulk" 351
"../../../Engine/Plugins/Animation/ControlRig/Content/Controls/ControlRig_Arrow2_1mm.uasset" 352
"../../../Engine/Plugins/Animation/ControlRig/Content/Controls/ControlRig_Arrow2_1mm.uexp" 353
"../../../Engine/Plugins/Animation/ControlRig/Content/Controls/ControlRigXRayMaterial.uasset" 354
"../../../Engine/Plugins/Animation/ControlRig/Content/Controls/ControlRigXRayMaterial.uexp" 355
"../../../Engine/Plugins/Animation/ControlRig/Content/Controls/ControlRigGizmoMaterial.uasset" 356
"../../../Engine/Plugins/Animation/ControlRig/Content/Controls/ControlRigGizmoMaterial.uexp" 357
"../../../Engine/Content/EngineResources/WhiteSquareTexture.uasset" 358
"../../../Engine/Content/EngineResources/WhiteSquareTexture.uexp" 359
"../../../Engine/Content/EngineMaterials/Widget3DPassThrough.uasset" 360
"../../../Engine/Content/EngineMaterials/Widget3DPassThrough.uexp" 361
"../../../Engine/Content/EngineMaterials/Widget3DPassThrough_Translucent.uasset" 362
"../../../Engine/Content/EngineMaterials/Widget3DPassThrough_Translucent.uexp" 363
"../../../Engine/Content/EngineMaterials/Widget3DPassThrough_Translucent_OneSided.uasset" 364
"../../../Engine/Content/EngineMaterials/Widget3DPassThrough_Translucent_OneSided.uexp" 365
"../../../Engine/Content/EngineMaterials/Widget3DPassThrough_Opaque.uasset" 366
"../../../Engine/Content/EngineMaterials/Widget3DPassThrough_Opaque.uexp" 367
"../../../Engine/Content/EngineMaterials/Widget3DPassThrough_Opaque_OneSided.uasset" 368
"../../../Engine/Content/EngineMaterials/Widget3DPassThrough_Opaque_OneSided.uexp" 369
"../../../Engine/Content/EngineMaterials/Widget3DPassThrough_Masked_OneSided.uasset" 370
"../../../Engine/Content/EngineMaterials/Widget3DPassThrough_Masked_OneSided.uexp" 371
"../../../Engine/Content/EngineMaterials/Widget3DPassThrough_Masked.uasset" 372
"../../../Engine/Content/EngineMaterials/Widget3DPassThrough_Masked.uexp" 373
"../../../Engine/Content/EngineMaterials/STBlueNoise_vec2_128x128x64.uasset" 374
"../../../Engine/Content/EngineMaterials/STBlueNoise_vec2_128x128x64.uexp" 375
"../../../Engine/Content/EngineMaterials/STBlueNoise_scalar_128x128x64.uasset" 376
"../../../Engine/Content/EngineMaterials/STBlueNoise_scalar_128x128x64.uexp" 377
"../../../Engine/Content/EngineMaterials/RemoveSurfaceMaterial.uasset" 378
"../../../Engine/Content/EngineMaterials/RemoveSurfaceMaterial.uexp" 379
"../../../Engine/Content/EngineMaterials/DefaultCalibrationGrayscale.uasset" 380
"../../../Engine/Content/EngineMaterials/DefaultCalibrationGrayscale.uexp" 381
"../../../Engine/Content/EngineMaterials/PPM_DefaultCalibrationGrayscale.uasset" 382
"../../../Engine/Content/EngineMaterials/PPM_DefaultCalibrationGrayscale.uexp" 383
"../../../Engine/Content/EngineMaterials/DefaultCalibrationColor.uasset" 384
"../../../Engine/Content/EngineMaterials/DefaultCalibrationColor.uexp" 385
"../../../Engine/Content/EngineMaterials/PPM_DefaultCalibrationColor.uasset" 386
"../../../Engine/Content/EngineMaterials/PPM_DefaultCalibrationColor.uexp" 387
"../../../Engine/Content/EngineMaterials/PhAT_JointLimitMaterial.uasset" 388
"../../../Engine/Content/EngineMaterials/PhAT_JointLimitMaterial.uexp" 389
"../../../Engine/Content/EngineMaterials/NaniteHiddenSectionMaterial.uasset" 390
"../../../Engine/Content/EngineMaterials/NaniteHiddenSectionMaterial.uexp" 391
"../../../Engine/Content/EngineMaterials/InvalidLightmapSettings.ubulk" 392
"../../../Engine/Content/EngineMaterials/InvalidLightmapSettings.uasset" 393
"../../../Engine/Content/EngineMaterials/InvalidLightmapSettings.uexp" 394
"../../../Engine/Content/EngineMaterials/M_InvalidLightmapSettings.uasset" 395
"../../../Engine/Content/EngineMaterials/M_InvalidLightmapSettings.uexp" 396
"../../../Engine/Content/EngineMaterials/GizmoMaterial.uasset" 397
"../../../Engine/Content/EngineMaterials/GizmoMaterial.uexp" 398
"../../../Engine/Content/EngineMaterials/BaseFlattenEmissiveMap_VT.uasset" 399
"../../../Engine/Content/EngineMaterials/BaseFlattenEmissiveMap_VT.uexp" 400
"../../../Engine/Content/EngineMaterials/BaseFlattenGrayscaleMap_VT.uasset" 401
"../../../Engine/Content/EngineMaterials/BaseFlattenGrayscaleMap_VT.uexp" 402
"../../../Engine/Content/EngineMaterials/BaseFlattenLinearColor_VT.uasset" 403
"../../../Engine/Content/EngineMaterials/BaseFlattenLinearColor_VT.uexp" 404
"../../../Engine/Content/EngineMaterials/Black_1x1_EXR_Texture_VT.uasset" 405
"../../../Engine/Content/EngineMaterials/Black_1x1_EXR_Texture_VT.uexp" 406
"../../../Engine/Content/EngineMaterials/BaseFlattenDiffuseMap_VT.uasset" 407
"../../../Engine/Content/EngineMaterials/BaseFlattenDiffuseMap_VT.uexp" 408
"../../../Engine/Content/EngineMaterials/BaseFlattenNormalMap_VT.uasset" 409
"../../../Engine/Content/EngineMaterials/BaseFlattenNormalMap_VT.uexp" 410
"../../../Engine/Content/EngineMaterials/FlattenMaterial_WS_Normal_VT.uasset" 411
"../../../Engine/Content/EngineMaterials/FlattenMaterial_WS_Normal_VT.uexp" 412
"../../../Engine/Content/EngineMaterials/FlattenMaterial_VT.uasset" 413
"../../../Engine/Content/EngineMaterials/FlattenMaterial_VT.uexp" 414
"../../../Engine/Content/EngineMaterials/BaseFlattenNormalMap.uasset" 415
"../../../Engine/Content/EngineMaterials/BaseFlattenNormalMap.uexp" 416
"../../../Engine/Content/EngineMaterials/BaseFlattenGrayscaleMap.uasset" 417
"../../../Engine/Content/EngineMaterials/BaseFlattenGrayscaleMap.uexp" 418
"../../../Engine/Content/EngineMaterials/BaseFlattenDiffuseMap.uasset" 419
"../../../Engine/Content/EngineMaterials/BaseFlattenDiffuseMap.uexp" 420
"../../../Engine/Content/Functions/Engine_MaterialFunctions02/PivotPainter2/Black_1x1_EXR_Texture.uasset" 421
"../../../Engine/Content/Functions/Engine_MaterialFunctions02/PivotPainter2/Black_1x1_EXR_Texture.uexp" 422
"../../../Engine/Content/EngineMaterials/BaseFlattenEmissiveMap.uasset" 423
"../../../Engine/Content/EngineMaterials/BaseFlattenEmissiveMap.uexp" 424
"../../../Engine/Content/EngineMaterials/BaseFlattenLinearColor.uasset" 425
"../../../Engine/Content/EngineMaterials/BaseFlattenLinearColor.uexp" 426
"../../../Engine/Content/EngineMaterials/FlattenMaterial.uasset" 427
"../../../Engine/Content/EngineMaterials/FlattenMaterial.uexp" 428
"../../../Engine/Content/EngineMaterials/DefaultWhiteGrid_Low.uasset" 429
"../../../Engine/Content/EngineMaterials/DefaultWhiteGrid_Low.uexp" 430
"../../../Engine/Content/EngineMaterials/EmissiveMeshMaterial.uasset" 431
"../../../Engine/Content/EngineMaterials/EmissiveMeshMaterial.uexp" 432
"../../../Engine/Content/EngineFonts/RobotoDistanceField.uasset" 433
"../../../Engine/Content/EngineFonts/RobotoDistanceField.uexp" 434
"../../../Engine/Content/EngineMaterials/DefaultTextMaterialOpaque.uasset" 435
"../../../Engine/Content/EngineMaterials/DefaultTextMaterialOpaque.uexp" 436
"../../../Engine/Content/EngineMaterials/DefaultDiffuse.ubulk" 437
"../../../Engine/Content/EngineMaterials/DefaultDiffuse.uasset" 438
"../../../Engine/Content/EngineMaterials/DefaultDiffuse.uexp" 439
"../../../Engine/Content/Functions/Engine_MaterialFunctions02/Utility/BreakOutFloat2Components.uasset" 440
"../../../Engine/Content/Functions/Engine_MaterialFunctions02/Utility/BreakOutFloat2Components.uexp" 441
"../../../Engine/Content/EngineMaterials/DefaultPostProcessMaterial.uasset" 442
"../../../Engine/Content/EngineMaterials/DefaultPostProcessMaterial.uexp" 443
"../../../Engine/Content/EngineMaterials/DefaultPhysicalMaterial.uasset" 444
"../../../Engine/Content/EngineMaterials/DefaultPhysicalMaterial.uexp" 445
"../../../Engine/Content/EngineMaterials/DefaultLightFunctionMaterial.uasset" 446
"../../../Engine/Content/EngineMaterials/DefaultLightFunctionMaterial.uexp" 447
"../../../Engine/Content/EngineMaterials/DefaultDestructiblePhysicalMaterial.uasset" 448
"../../../Engine/Content/EngineMaterials/DefaultDestructiblePhysicalMaterial.uexp" 449
"../../../Engine/Content/EngineMaterials/DefaultDeferredDecalMaterial.uasset" 450
"../../../Engine/Content/EngineMaterials/DefaultDeferredDecalMaterial.uexp" 451
"../../../Engine/Content/EngineMaterials/DefaultBloomKernel.uasset" 452
"../../../Engine/Content/EngineMaterials/DefaultBloomKernel.uexp" 453
"../../../Engine/Content/EngineFonts/Faces/RobotoLight.uexp" 454
"../../../Engine/Content/EngineFonts/Faces/RobotoLight.uasset" 455
"../../../Engine/Content/EngineFonts/Faces/RobotoLight.ufont" 456
"../../../Engine/Content/EngineFonts/Faces/RobotoBold.uexp" 457
"../../../Engine/Content/EngineFonts/Faces/RobotoBold.uasset" 458
"../../../Engine/Content/EngineFonts/Faces/RobotoBold.ufont" 459
"../../../Engine/Content/EngineFonts/Faces/RobotoRegular.uexp" 460
"../../../Engine/Content/EngineFonts/Faces/RobotoRegular.uasset" 461
"../../../Engine/Content/EngineFonts/Faces/RobotoRegular.ufont" 462
"../../../Engine/Content/EngineFonts/Faces/DroidSansFallback.uexp" 463
"../../../Engine/Content/EngineFonts/Faces/DroidSansFallback.uasset" 464
"../../../Engine/Content/EngineFonts/Faces/DroidSansFallback.ufont" 465
"../../../Engine/Content/EngineFonts/Faces/RobotoItalic.uexp" 466
"../../../Engine/Content/EngineFonts/Faces/RobotoItalic.uasset" 467
"../../../Engine/Content/EngineFonts/Faces/RobotoItalic.ufont" 468
"../../../Engine/Content/EngineFonts/Faces/RobotoBoldItalic.uexp" 469
"../../../Engine/Content/EngineFonts/Faces/RobotoBoldItalic.uasset" 470
"../../../Engine/Content/EngineFonts/Faces/RobotoBoldItalic.ufont" 471
"../../../Engine/Content/EngineFonts/Roboto.uasset" 472
"../../../Engine/Content/EngineFonts/Roboto.uexp" 473
"../../../Engine/Content/Functions/Engine_MaterialFunctions02/Utility/CameraDirectionVector.uasset" 474
"../../../Engine/Content/Functions/Engine_MaterialFunctions02/Utility/CameraDirectionVector.uexp" 475
"../../../Engine/Content/EngineDebugMaterials/VolumeToRender.uasset" 476
"../../../Engine/Content/EngineDebugMaterials/VolumeToRender.uexp" 477
"../../../Engine/Content/EngineDebugMaterials/M_VolumeRenderSphereTracePP.uasset" 478
"../../../Engine/Content/EngineDebugMaterials/M_VolumeRenderSphereTracePP.uexp" 479
"../../../Engine/Content/EngineDebugMaterials/M_SimpleUnlitTranslucent.uasset" 480
"../../../Engine/Content/EngineDebugMaterials/M_SimpleUnlitTranslucent.uexp" 481
"../../../Engine/Content/EngineDebugMaterials/DebugMeshMaterial.uasset" 482
"../../../Engine/Content/EngineDebugMaterials/DebugMeshMaterial.uexp" 483
"../../../Engine/Content/EngineDebugMaterials/DebugEditorMaterial.uasset" 484
"../../../Engine/Content/EngineDebugMaterials/DebugEditorMaterial.uexp" 485
"../../../Engine/Content/EngineDamageTypes/DmgTypeBP_Environmental.uasset" 486
"../../../Engine/Content/EngineDamageTypes/DmgTypeBP_Environmental.uexp" 487
"../../../Engine/Content/EditorResources/S_Terrain.ubulk" 488
"../../../Engine/Content/EditorResources/S_Terrain.uasset" 489
"../../../Engine/Content/EditorResources/S_Terrain.uexp" 490
"../../../Engine/Content/EditorResources/EmptyActor.uasset" 491
"../../../Engine/Content/EditorResources/EmptyActor.uexp" 492
"../../../Engine/Content/EditorResources/BSPVertex.uasset" 493
"../../../Engine/Content/EditorResources/BSPVertex.uexp" 494
"../../../Engine/Content/EditorMaterials/PreviewShadowIndicator.ubulk" 495
"../../../Engine/Content/EditorMaterials/PreviewShadowIndicator.uasset" 496
"../../../Engine/Content/EditorMaterials/PreviewShadowIndicator.uexp" 497
"../../../Engine/Content/EditorMaterials/PreviewShadowIndicatorMaterial.uasset" 498
"../../../Engine/Content/EditorMaterials/PreviewShadowIndicatorMaterial.uexp" 499
"../../../Engine/Content/EditorMaterials/PhAT_UnselectedMaterial.uasset" 500
"../../../Engine/Content/EditorMaterials/PhAT_UnselectedMaterial.uexp" 501
"../../../Engine/Content/EditorMaterials/PhAT_NoCollisionMaterial.uasset" 502
"../../../Engine/Content/EditorMaterials/PhAT_NoCollisionMaterial.uexp" 503
"../../../Engine/Content/EngineMaterials/DefaultMaterial.uasset" 504
"../../../Engine/Content/EngineMaterials/DefaultMaterial.uexp" 505
"../../../Engine/Content/BasicShapes/Sphere.ubulk" 506
"../../../Engine/Content/BasicShapes/Sphere.uasset" 507
"../../../Engine/Content/BasicShapes/Sphere.uexp" 508
"../../../Engine/Content/BasicShapes/Cylinder.ubulk" 509
"../../../Engine/Content/BasicShapes/Cylinder.uasset" 510
"../../../Engine/Content/BasicShapes/Cylinder.uexp" 511
"../../../Engine/Content/BasicShapes/Cone.ubulk" 512
"../../../Engine/Content/BasicShapes/Cone.uasset" 513
"../../../Engine/Content/BasicShapes/Cone.uexp" 514
"../../../Engine/Content/Animation/DefaultRecorderBoneCompression.uasset" 515
"../../../Engine/Content/Animation/DefaultRecorderBoneCompression.uexp" 516
"C:/Users/kafou/OneDrive - Concordia University - Canada/Documents/GitHub/prisma-game/PrismaGame2023/Content/UI/ui-circle-white.uasset" 517
"C:/Users/kafou/OneDrive - Concordia University - Canada/Documents/GitHub/prisma-game/PrismaGame2023/Content/UI/ui-circle-white.uexp" 518
"C:/Users/kafou/OneDrive - Concordia University - Canada/Documents/GitHub/prisma-game/PrismaGame2023/Content/GameInstance/GI_Main.uasset" 519
"C:/Users/kafou/OneDrive - Concordia University - Canada/Documents/GitHub/prisma-game/PrismaGame2023/Content/GameInstance/GI_Main.uexp" 520
"C:/Users/kafou/OneDrive - Concordia University - Canada/Documents/GitHub/prisma-game/PrismaGame2023/Content/UI/Circle.uasset" 521
"C:/Users/kafou/OneDrive - Concordia University - Canada/Documents/GitHub/prisma-game/PrismaGame2023/Content/UI/Circle.uexp" 522
"C:/Users/kafou/OneDrive - Concordia University - Canada/Documents/GitHub/prisma-game/PrismaGame2023/Content/UI/W_ColourLoadout.uasset" 523
"C:/Users/kafou/OneDrive - Concordia University - Canada/Documents/GitHub/prisma-game/PrismaGame2023/Content/UI/W_ColourLoadout.uexp" 524
"C:/Users/kafou/OneDrive - Concordia University - Canada/Documents/GitHub/prisma-game/PrismaGame2023/Content/ThirdPerson/Blueprints/InteractInterface.uasset" 525
"C:/Users/kafou/OneDrive - Concordia University - Canada/Documents/GitHub/prisma-game/PrismaGame2023/Content/ThirdPerson/Blueprints/InteractInterface.uexp" 526
"C:/Users/kafou/OneDrive - Concordia University - Canada/Documents/GitHub/prisma-game/PrismaGame2023/Content/UI/W_Death.uasset" 527
"C:/Users/kafou/OneDrive - Concordia University - Canada/Documents/GitHub/prisma-game/PrismaGame2023/Content/UI/W_Death.uexp" 528
"C:/Users/kafou/OneDrive - Concordia University - Canada/Documents/GitHub/prisma-game/PrismaGame2023/Content/ThirdPerson/SFX/Footstep.ubulk" 529
"C:/Users/kafou/OneDrive - Concordia University - Canada/Documents/GitHub/prisma-game/PrismaGame2023/Content/ThirdPerson/SFX/Footstep.uasset" 530
"C:/Users/kafou/OneDrive - Concordia University - Canada/Documents/GitHub/prisma-game/PrismaGame2023/Content/ThirdPerson/SFX/Footstep.uexp" 531
"../../../Engine/Content/BasicShapes/Cube.ubulk" 532
"../../../Engine/Content/BasicShapes/Cube.uasset" 533
"../../../Engine/Content/BasicShapes/Cube.uexp" 534
"C:/Users/kafou/OneDrive - Concordia University - Canada/Documents/GitHub/prisma-game/PrismaGame2023/Content/Materials/M_Platform.uasset" 535
"C:/Users/kafou/OneDrive - Concordia University - Canada/Documents/GitHub/prisma-game/PrismaGame2023/Content/Materials/M_Platform.uexp" 536
"C:/Users/kafou/OneDrive - Concordia University - Canada/Documents/GitHub/prisma-game/PrismaGame2023/Content/Materials/M_Wireframe.uasset" 537
"C:/Users/kafou/OneDrive - Concordia University - Canada/Documents/GitHub/prisma-game/PrismaGame2023/Content/Materials/M_Wireframe.uexp" 538
"C:/Users/kafou/OneDrive - Concordia University - Canada/Documents/GitHub/prisma-game/PrismaGame2023/Content/ThirdPerson/Blueprints/BP_Platform.uasset" 539
"C:/Users/kafou/OneDrive - Concordia University - Canada/Documents/GitHub/prisma-game/PrismaGame2023/Content/ThirdPerson/Blueprints/BP_Platform.uexp" 540
"C:/Users/kafou/OneDrive - Concordia University - Canada/Documents/GitHub/prisma-game/PrismaGame2023/Content/ThirdPerson/Blueprints/BP_WorldLight.uasset" 541
"C:/Users/kafou/OneDrive - Concordia University - Canada/Documents/GitHub/prisma-game/PrismaGame2023/Content/ThirdPerson/Blueprints/BP_WorldLight.uexp" 542
"../../../Engine/Content/EditorBlueprintResources/StandardMacros.uasset" 543
"../../../Engine/Content/EditorBlueprintResources/StandardMacros.uexp" 544
"C:/Users/kafou/OneDrive - Concordia University - Canada/Documents/GitHub/prisma-game/PrismaGame2023/Content/ThirdPerson/Blueprints/BP_BackWall.uasset" 545
"C:/Users/kafou/OneDrive - Concordia University - Canada/Documents/GitHub/prisma-game/PrismaGame2023/Content/ThirdPerson/Blueprints/BP_BackWall.uexp" 546
"../../../Engine/Content/Animation/DefaultAnimCurveCompressionSettings.uasset" 547
"../../../Engine/Content/Animation/DefaultAnimCurveCompressionSettings.uexp" 548
"C:/Users/kafou/OneDrive - Concordia University - Canada/Documents/GitHub/prisma-game/PrismaGame2023/Content/ThirdPerson/SFX/MS_Footsteps.uasset" 549
"C:/Users/kafou/OneDrive - Concordia University - Canada/Documents/GitHub/prisma-game/PrismaGame2023/Content/ThirdPerson/SFX/MS_Footsteps.uexp" 550
"C:/Users/kafou/OneDrive - Concordia University - Canada/Documents/GitHub/prisma-game/PrismaGame2023/Content/Models/Prism/prismv2_Skeleton.uasset" 551
"C:/Users/kafou/OneDrive - Concordia University - Canada/Documents/GitHub/prisma-game/PrismaGame2023/Content/Models/Prism/prismv2_Skeleton.uexp" 552
"../../../Engine/Content/Animation/DefaultAnimBoneCompressionSettings.uasset" 553
"../../../Engine/Content/Animation/DefaultAnimBoneCompressionSettings.uexp" 554
"C:/Users/kafou/OneDrive - Concordia University - Canada/Documents/GitHub/prisma-game/PrismaGame2023/Content/Models/Prism/Running__1_.uasset" 555
"C:/Users/kafou/OneDrive - Concordia University - Canada/Documents/GitHub/prisma-game/PrismaGame2023/Content/Models/Prism/Running__1_.uexp" 556
"C:/Users/kafou/OneDrive - Concordia University - Canada/Documents/GitHub/prisma-game/PrismaGame2023/Content/Models/Prism/Walking__1_.uasset" 557
"C:/Users/kafou/OneDrive - Concordia University - Canada/Documents/GitHub/prisma-game/PrismaGame2023/Content/Models/Prism/Walking__1_.uexp" 558
"C:/Users/kafou/OneDrive - Concordia University - Canada/Documents/GitHub/prisma-game/PrismaGame2023/Content/Models/Prism/Breathing_Idle.uasset" 559
"C:/Users/kafou/OneDrive - Concordia University - Canada/Documents/GitHub/prisma-game/PrismaGame2023/Content/Models/Prism/Breathing_Idle.uexp" 560
"C:/Users/kafou/OneDrive - Concordia University - Canada/Documents/GitHub/prisma-game/PrismaGame2023/Content/Models/Prism/NewBlendSpace.uasset" 561
"C:/Users/kafou/OneDrive - Concordia University - Canada/Documents/GitHub/prisma-game/PrismaGame2023/Content/Models/Prism/NewBlendSpace.uexp" 562
"C:/Users/kafou/OneDrive - Concordia University - Canada/Documents/GitHub/prisma-game/PrismaGame2023/Content/Models/Prism/Jumping_Down.uasset" 563
"C:/Users/kafou/OneDrive - Concordia University - Canada/Documents/GitHub/prisma-game/PrismaGame2023/Content/Models/Prism/Jumping_Down.uexp" 564
"C:/Users/kafou/OneDrive - Concordia University - Canada/Documents/GitHub/prisma-game/PrismaGame2023/Content/Models/Prism/Jumping.uasset" 565
"C:/Users/kafou/OneDrive - Concordia University - Canada/Documents/GitHub/prisma-game/PrismaGame2023/Content/Models/Prism/Jumping.uexp" 566
"C:/Users/kafou/OneDrive - Concordia University - Canada/Documents/GitHub/prisma-game/PrismaGame2023/Content/Models/Prism/Prism_Walking.uasset" 567
"C:/Users/kafou/OneDrive - Concordia University - Canada/Documents/GitHub/prisma-game/PrismaGame2023/Content/Models/Prism/Prism_Walking.uexp" 568
"C:/Users/kafou/OneDrive - Concordia University - Canada/Documents/GitHub/prisma-game/PrismaGame2023/Content/ThirdPerson/Input/Actions/IA_Jump.uasset" 569
"C:/Users/kafou/OneDrive - Concordia University - Canada/Documents/GitHub/prisma-game/PrismaGame2023/Content/ThirdPerson/Input/Actions/IA_Jump.uexp" 570
"C:/Users/kafou/OneDrive - Concordia University - Canada/Documents/GitHub/prisma-game/PrismaGame2023/Content/ThirdPerson/Input/Actions/IA_Look.uasset" 571
"C:/Users/kafou/OneDrive - Concordia University - Canada/Documents/GitHub/prisma-game/PrismaGame2023/Content/ThirdPerson/Input/Actions/IA_Look.uexp" 572
"C:/Users/kafou/OneDrive - Concordia University - Canada/Documents/GitHub/prisma-game/PrismaGame2023/Content/ThirdPerson/Input/Actions/IA_Move.uasset" 573
"C:/Users/kafou/OneDrive - Concordia University - Canada/Documents/GitHub/prisma-game/PrismaGame2023/Content/ThirdPerson/Input/Actions/IA_Move.uexp" 574
"C:/Users/kafou/OneDrive - Concordia University - Canada/Documents/GitHub/prisma-game/PrismaGame2023/Content/ThirdPerson/Input/IMC_Default.uasset" 575
"C:/Users/kafou/OneDrive - Concordia University - Canada/Documents/GitHub/prisma-game/PrismaGame2023/Content/ThirdPerson/Input/IMC_Default.uexp" 576
"../../../Engine/Plugins/Interchange/Runtime/Content/gltf/MaterialFunctions/MF_RotateV2.uasset" 577
"../../../Engine/Plugins/Interchange/Runtime/Content/gltf/MaterialFunctions/MF_RotateV2.uexp" 578
"../../../Engine/Plugins/Interchange/Runtime/Content/gltf/MaterialFunctions/MF_TransformUVs.uasset" 579
"../../../Engine/Plugins/Interchange/Runtime/Content/gltf/MaterialFunctions/MF_TransformUVs.uexp" 580
"../../../Engine/Plugins/Interchange/Runtime/Content/gltf/Textures/T_White_srgb.uasset" 581
"../../../Engine/Plugins/Interchange/Runtime/Content/gltf/Textures/T_White_srgb.uexp" 582
"../../../Engine/Plugins/Interchange/Runtime/Content/gltf/MaterialFunctions/MF_BaseColor.uasset" 583
"../../../Engine/Plugins/Interchange/Runtime/Content/gltf/MaterialFunctions/MF_BaseColor.uexp" 584
"../../../Engine/Plugins/Interchange/Runtime/Content/gltf/MaterialFunctions/MF_DiffuseSpecGloss.uasset" 585
"../../../Engine/Plugins/Interchange/Runtime/Content/gltf/MaterialFunctions/MF_DiffuseSpecGloss.uexp" 586
"../../../Engine/Plugins/Interchange/Runtime/Content/gltf/Textures/T_White_Linear.uasset" 587
"../../../Engine/Plugins/Interchange/Runtime/Content/gltf/Textures/T_White_Linear.uexp" 588
"../../../Engine/Plugins/Interchange/Runtime/Content/gltf/MaterialFunctions/MF_MetallicRoughness.uasset" 589
"../../../Engine/Plugins/Interchange/Runtime/Content/gltf/MaterialFunctions/MF_MetallicRoughness.uexp" 590
"../../../Engine/Content/Functions/Engine_MaterialFunctions02/Math/Transform3x3Matrix.uasset" 591
"../../../Engine/Content/Functions/Engine_MaterialFunctions02/Math/Transform3x3Matrix.uexp" 592
"../../../Engine/Content/Functions/Engine_MaterialFunctions02/Utility/MakeFloat3.uasset" 593
"../../../Engine/Content/Functions/Engine_MaterialFunctions02/Utility/MakeFloat3.uexp" 594
"../../../Engine/Plugins/Interchange/Runtime/Content/gltf/MaterialFunctions/MF_RotateNormals_TS.uasset" 595
"../../../Engine/Plugins/Interchange/Runtime/Content/gltf/MaterialFunctions/MF_RotateNormals_TS.uexp" 596
"../../../Engine/Plugins/Interchange/Runtime/Content/gltf/Textures/T_Generic_N.uasset" 597
"../../../Engine/Plugins/Interchange/Runtime/Content/gltf/Textures/T_Generic_N.uexp" 598
"../../../Engine/Plugins/Interchange/Runtime/Content/gltf/MaterialFunctions/MF_Clearcoat.uasset" 599
"../../../Engine/Plugins/Interchange/Runtime/Content/gltf/MaterialFunctions/MF_Clearcoat.uexp" 600
"../../../Engine/Plugins/Interchange/Runtime/Content/gltf/MaterialFunctions/MF_Occlusion.uasset" 601
"../../../Engine/Plugins/Interchange/Runtime/Content/gltf/MaterialFunctions/MF_Occlusion.uexp" 602
"../../../Engine/Plugins/Interchange/Runtime/Content/gltf/MaterialFunctions/MF_Emissive.uasset" 603
"../../../Engine/Plugins/Interchange/Runtime/Content/gltf/MaterialFunctions/MF_Emissive.uexp" 604
"../../../Engine/Plugins/Interchange/Runtime/Content/gltf/MaterialFunctions/MF_Specular.uasset" 605
"../../../Engine/Plugins/Interchange/Runtime/Content/gltf/MaterialFunctions/MF_Specular.uexp" 606
"../../../Engine/Plugins/Interchange/Runtime/Content/gltf/MaterialFunctions/MF_IOR.uasset" 607
"../../../Engine/Plugins/Interchange/Runtime/Content/gltf/MaterialFunctions/MF_IOR.uexp" 608
"../../../Engine/Content/Functions/Engine_MaterialFunctions01/Texturing/FlattenNormal.uasset" 609
"../../../Engine/Content/Functions/Engine_MaterialFunctions01/Texturing/FlattenNormal.uexp" 610
"../../../Engine/Plugins/Interchange/Runtime/Content/gltf/MaterialFunctions/MF_Normals.uasset" 611
"../../../Engine/Plugins/Interchange/Runtime/Content/gltf/MaterialFunctions/MF_Normals.uexp" 612
"../../../Engine/Content/Functions/Engine_MaterialFunctions02/Math/AddComponents.uasset" 613
"../../../Engine/Content/Functions/Engine_MaterialFunctions02/Math/AddComponents.uexp" 614
"../../../Engine/Plugins/Interchange/Runtime/Content/gltf/MaterialFunctions/MF_PerceivedBrightness.uasset" 615
"../../../Engine/Plugins/Interchange/Runtime/Content/gltf/MaterialFunctions/MF_PerceivedBrightness.uexp" 616
"../../../Engine/Plugins/Interchange/Runtime/Content/gltf/MaterialFunctions/MF_SpecGlossToMetalRoughness.uasset" 617
"../../../Engine/Plugins/Interchange/Runtime/Content/gltf/MaterialFunctions/MF_SpecGlossToMetalRoughness.uexp" 618
"../../../Engine/Plugins/Interchange/Runtime/Content/gltf/M_Opaque.uasset" 619
"../../../Engine/Plugins/Interchange/Runtime/Content/gltf/M_Opaque.uexp" 620
"C:/Users/kafou/OneDrive - Concordia University - Canada/Documents/GitHub/prisma-game/PrismaGame2023/Content/ThirdPerson/Blueprints/BP_Light.uasset" 621
"C:/Users/kafou/OneDrive - Concordia University - Canada/Documents/GitHub/prisma-game/PrismaGame2023/Content/ThirdPerson/Blueprints/BP_Light.uexp" 622
"../../../Engine/Content/Functions/Engine_MaterialFunctions02/Texturing/CustomRotator.uasset" 623
"../../../Engine/Content/Functions/Engine_MaterialFunctions02/Texturing/CustomRotator.uexp" 624
"C:/Users/kafou/OneDrive - Concordia University - Canada/Documents/GitHub/prisma-game/PrismaGame2023/Content/Models/Prism/Textures/prismbody_Material_BaseColor.ubulk" 625
"C:/Users/kafou/OneDrive - Concordia University - Canada/Documents/GitHub/prisma-game/PrismaGame2023/Content/Models/Prism/Textures/prismbody_Material_BaseColor.uasset" 626
"C:/Users/kafou/OneDrive - Concordia University - Canada/Documents/GitHub/prisma-game/PrismaGame2023/Content/Models/Prism/Textures/prismbody_Material_BaseColor.uexp" 627
"C:/Users/kafou/OneDrive - Concordia University - Canada/Documents/GitHub/prisma-game/PrismaGame2023/Content/Models/Prism/Material.uasset" 628
"C:/Users/kafou/OneDrive - Concordia University - Canada/Documents/GitHub/prisma-game/PrismaGame2023/Content/Models/Prism/Material.uexp" 629
"C:/Users/kafou/OneDrive - Concordia University - Canada/Documents/GitHub/prisma-game/PrismaGame2023/Content/Models/Prism/Textures/prismhead_Material_BaseColor.ubulk" 630
"C:/Users/kafou/OneDrive - Concordia University - Canada/Documents/GitHub/prisma-game/PrismaGame2023/Content/Models/Prism/Textures/prismhead_Material_BaseColor.uasset" 631
"C:/Users/kafou/OneDrive - Concordia University - Canada/Documents/GitHub/prisma-game/PrismaGame2023/Content/Models/Prism/Textures/prismhead_Material_BaseColor.uexp" 632
"C:/Users/kafou/OneDrive - Concordia University - Canada/Documents/GitHub/prisma-game/PrismaGame2023/Content/Models/Prism/Material_001.uasset" 633
"C:/Users/kafou/OneDrive - Concordia University - Canada/Documents/GitHub/prisma-game/PrismaGame2023/Content/Models/Prism/Material_001.uexp" 634
"C:/Users/kafou/OneDrive - Concordia University - Canada/Documents/GitHub/prisma-game/PrismaGame2023/Content/Models/Prism/prismv2_PhysicsAsset.uasset" 635
"C:/Users/kafou/OneDrive - Concordia University - Canada/Documents/GitHub/prisma-game/PrismaGame2023/Content/Models/Prism/prismv2_PhysicsAsset.uexp" 636
"C:/Users/kafou/OneDrive - Concordia University - Canada/Documents/GitHub/prisma-game/PrismaGame2023/Content/Models/Prism/prismv2.uasset" 637
"C:/Users/kafou/OneDrive - Concordia University - Canada/Documents/GitHub/prisma-game/PrismaGame2023/Content/Models/Prism/prismv2.uexp" 638
"C:/Users/kafou/OneDrive - Concordia University - Canada/Documents/GitHub/prisma-game/PrismaGame2023/Content/UI/Fonts/Aurora.uexp" 639
"C:/Users/kafou/OneDrive - Concordia University - Canada/Documents/GitHub/prisma-game/PrismaGame2023/Content/UI/Fonts/Aurora.uasset" 640
"C:/Users/kafou/OneDrive - Concordia University - Canada/Documents/GitHub/prisma-game/PrismaGame2023/Content/UI/Fonts/Aurora.ufont" 641
"C:/Users/kafou/OneDrive - Concordia University - Canada/Documents/GitHub/prisma-game/PrismaGame2023/Content/UI/Fonts/Aurora_Font.uasset" 642
"C:/Users/kafou/OneDrive - Concordia University - Canada/Documents/GitHub/prisma-game/PrismaGame2023/Content/UI/Fonts/Aurora_Font.uexp" 643
"C:/Users/kafou/OneDrive - Concordia University - Canada/Documents/GitHub/prisma-game/PrismaGame2023/Content/UI/W_PauseMenu.uasset" 644
"C:/Users/kafou/OneDrive - Concordia University - Canada/Documents/GitHub/prisma-game/PrismaGame2023/Content/UI/W_PauseMenu.uexp" 645
"C:/Users/kafou/OneDrive - Concordia University - Canada/Documents/GitHub/prisma-game/PrismaGame2023/Content/ThirdPerson/Blueprints/BP_ThirdPersonCharacter.uasset" 646
"C:/Users/kafou/OneDrive - Concordia University - Canada/Documents/GitHub/prisma-game/PrismaGame2023/Content/ThirdPerson/Blueprints/BP_ThirdPersonCharacter.uexp" 647
"C:/Users/kafou/OneDrive - Concordia University - Canada/Documents/GitHub/prisma-game/PrismaGame2023/Content/ThirdPerson/Blueprints/BP_ThirdPersonGameMode.uasset" 648
"C:/Users/kafou/OneDrive - Concordia University - Canada/Documents/GitHub/prisma-game/PrismaGame2023/Content/ThirdPerson/Blueprints/BP_ThirdPersonGameMode.uexp" 649
"../../../Engine/Content/MobileResources/HUD/VirtualJoystick_Background.uasset" 650
"../../../Engine/Content/MobileResources/HUD/VirtualJoystick_Background.uexp" 651
"../../../Engine/Content/MobileResources/HUD/VirtualJoystick_Thumb.uasset" 652
"../../../Engine/Content/MobileResources/HUD/VirtualJoystick_Thumb.uexp" 653
"../../../Engine/Content/MobileResources/HUD/DefaultVirtualJoysticks.uasset" 654
"../../../Engine/Content/MobileResources/HUD/DefaultVirtualJoysticks.uexp" 655
"../../../Engine/Content/EngineSky/VolumetricClouds/CloudWeatherTexture.uasset" 656
"../../../Engine/Content/EngineSky/VolumetricClouds/CloudWeatherTexture.uexp" 657
"../../../Engine/Content/Functions/Engine_MaterialFunctions02/Utility/MakeFloat2.uasset" 658
"../../../Engine/Content/Functions/Engine_MaterialFunctions02/Utility/MakeFloat2.uexp" 659
"../../../Engine/Content/EngineSky/VolumetricClouds/CloudGradientTexture.uasset" 660
"../../../Engine/Content/EngineSky/VolumetricClouds/CloudGradientTexture.uexp" 661
"../../../Engine/Content/EngineSky/VolumetricClouds/T_NoiseShape64.ubulk" 662
"../../../Engine/Content/EngineSky/VolumetricClouds/T_NoiseShape64.uasset" 663
"../../../Engine/Content/EngineSky/VolumetricClouds/T_NoiseShape64.uexp" 664
"../../../Engine/Content/EngineSky/VolumetricClouds/T_VolumeNoiseShape64.uasset" 665
"../../../Engine/Content/EngineSky/VolumetricClouds/T_VolumeNoiseShape64.uexp" 666
"../../../Engine/Content/EngineSky/VolumetricClouds/T_NoiseErosion.ubulk" 667
"../../../Engine/Content/EngineSky/VolumetricClouds/T_NoiseErosion.uasset" 668
"../../../Engine/Content/EngineSky/VolumetricClouds/T_NoiseErosion.uexp" 669
"../../../Engine/Content/EngineSky/VolumetricClouds/T_VolumeNoiseErosion32.uasset" 670
"../../../Engine/Content/EngineSky/VolumetricClouds/T_VolumeNoiseErosion32.uexp" 671
"../../../Engine/Content/EngineSky/VolumetricClouds/m_SimpleVolumetricCloud.uasset" 672
"../../../Engine/Content/EngineSky/VolumetricClouds/m_SimpleVolumetricCloud.uexp" 673
"../../../Engine/Content/EngineSky/VolumetricClouds/m_SimpleVolumetricCloud_Inst.uasset" 674
"../../../Engine/Content/EngineSky/VolumetricClouds/m_SimpleVolumetricCloud_Inst.uexp" 675
"../../../Engine/Content/EngineResources/FilmGrains/Marcie_Grain_v3_128_M2_000.uasset" 676
"../../../Engine/Content/EngineResources/FilmGrains/Marcie_Grain_v3_128_M2_000.uexp" 677
"../../../Engine/Content/EditorResources/SequenceRecorder/RecordingIndicator.uasset" 678
"../../../Engine/Content/EditorResources/SequenceRecorder/RecordingIndicator.uexp" 679
"../../../Engine/Content/EditorResources/SequenceRecorder/Countdown.uasset" 680
"../../../Engine/Content/EditorResources/SequenceRecorder/Countdown.uexp" 681
"../../../Engine/Content/Functions/Engine_MaterialFunctions01/Shading/PowerToRoughness.uasset" 682
"../../../Engine/Content/Functions/Engine_MaterialFunctions01/Shading/PowerToRoughness.uexp" 683
"../../../Engine/Content/Functions/Engine_MaterialFunctions01/Shading/ConvertFromDiffSpec.uasset" 684
"../../../Engine/Content/Functions/Engine_MaterialFunctions01/Shading/ConvertFromDiffSpec.uexp" 685
"C:/Users/kafou/OneDrive - Concordia University - Canada/Documents/GitHub/prisma-game/PrismaGame2023/Content/UI/MM_Backgroun.uasset" 686
"C:/Users/kafou/OneDrive - Concordia University - Canada/Documents/GitHub/prisma-game/PrismaGame2023/Content/UI/MM_Backgroun.uexp" 687
"C:/Users/kafou/OneDrive - Concordia University - Canada/Documents/GitHub/prisma-game/PrismaGame2023/Content/UI/UI_MainMenu.uasset" 688
"C:/Users/kafou/OneDrive - Concordia University - Canada/Documents/GitHub/prisma-game/PrismaGame2023/Content/UI/UI_MainMenu.uexp" 689
"C:/Users/kafou/OneDrive - Concordia University - Canada/Documents/GitHub/prisma-game/PrismaGame2023/Content/UI/MainMenu.uasset" 690
"C:/Users/kafou/OneDrive - Concordia University - Canada/Documents/GitHub/prisma-game/PrismaGame2023/Content/UI/MainMenu.uexp" 691
"C:/Users/kafou/OneDrive - Concordia University - Canada/Documents/GitHub/prisma-game/PrismaGame2023/Content/Levels/MainMenu.uexp" 692
"C:/Users/kafou/OneDrive - Concordia University - Canada/Documents/GitHub/prisma-game/PrismaGame2023/Content/Levels/MainMenu.umap" 693
"../../../Engine/Content/BasicShapes/Plane.ubulk" 694
"../../../Engine/Content/BasicShapes/Plane.uasset" 695
"../../../Engine/Content/BasicShapes/Plane.uexp" 696
"../../../Engine/Plugins/Interchange/Runtime/Content/gltf/MaterialInstances_MR/MI_Opaque.uasset" 697
"../../../Engine/Plugins/Interchange/Runtime/Content/gltf/MaterialInstances_MR/MI_Opaque.uexp" 698
"C:/Users/kafou/OneDrive - Concordia University - Canada/Documents/GitHub/prisma-game/PrismaGame2023/Content/ThirdPerson/SFX/Crystal_Sound.ubulk" 699
"C:/Users/kafou/OneDrive - Concordia University - Canada/Documents/GitHub/prisma-game/PrismaGame2023/Content/ThirdPerson/SFX/Crystal_Sound.uasset" 700
"C:/Users/kafou/OneDrive - Concordia University - Canada/Documents/GitHub/prisma-game/PrismaGame2023/Content/ThirdPerson/SFX/Crystal_Sound.uexp" 701
"C:/Users/kafou/OneDrive - Concordia University - Canada/Documents/GitHub/prisma-game/PrismaGame2023/Content/Models/statuev2.ubulk" 702
"C:/Users/kafou/OneDrive - Concordia University - Canada/Documents/GitHub/prisma-game/PrismaGame2023/Content/Models/statuev2.uasset" 703
"C:/Users/kafou/OneDrive - Concordia University - Canada/Documents/GitHub/prisma-game/PrismaGame2023/Content/Models/statuev2.uexp" 704
"C:/Users/kafou/OneDrive - Concordia University - Canada/Documents/GitHub/prisma-game/PrismaGame2023/Content/ThirdPerson/Blueprints/BP_Button.uasset" 705
"C:/Users/kafou/OneDrive - Concordia University - Canada/Documents/GitHub/prisma-game/PrismaGame2023/Content/ThirdPerson/Blueprints/BP_Button.uexp" 706
"C:/Users/kafou/OneDrive - Concordia University - Canada/Documents/GitHub/prisma-game/PrismaGame2023/Content/Models/door.ubulk" 707
"C:/Users/kafou/OneDrive - Concordia University - Canada/Documents/GitHub/prisma-game/PrismaGame2023/Content/Models/door.uasset" 708
"C:/Users/kafou/OneDrive - Concordia University - Canada/Documents/GitHub/prisma-game/PrismaGame2023/Content/Models/door.uexp" 709
"C:/Users/kafou/OneDrive - Concordia University - Canada/Documents/GitHub/prisma-game/PrismaGame2023/Content/ThirdPerson/Blueprints/BP_Door.uasset" 710
"C:/Users/kafou/OneDrive - Concordia University - Canada/Documents/GitHub/prisma-game/PrismaGame2023/Content/ThirdPerson/Blueprints/BP_Door.uexp" 711
"C:/Users/kafou/OneDrive - Concordia University - Canada/Documents/GitHub/prisma-game/PrismaGame2023/Content/ThirdPerson/Blueprints/BP_MovingPlatforms.uasset" 712
"C:/Users/kafou/OneDrive - Concordia University - Canada/Documents/GitHub/prisma-game/PrismaGame2023/Content/ThirdPerson/Blueprints/BP_MovingPlatforms.uexp" 713
"C:/Users/kafou/OneDrive - Concordia University - Canada/Documents/GitHub/prisma-game/PrismaGame2023/Content/ThirdPerson/Blueprints/BP_EndGameTrigger.uasset" 714
"C:/Users/kafou/OneDrive - Concordia University - Canada/Documents/GitHub/prisma-game/PrismaGame2023/Content/ThirdPerson/Blueprints/BP_EndGameTrigger.uexp" 715
"../../../Engine/Content/MapTemplates/SM_Template_Map_Floor.ubulk" 716
"../../../Engine/Content/MapTemplates/SM_Template_Map_Floor.uasset" 717
"../../../Engine/Content/MapTemplates/SM_Template_Map_Floor.uexp" 718
"C:/Users/kafou/OneDrive - Concordia University - Canada/Documents/GitHub/prisma-game/PrismaGame2023/Content/ThirdPerson/Blueprints/322434__glitchedtones__lever-latch-close__mp3cut_net_.ubulk" 719
"C:/Users/kafou/OneDrive - Concordia University - Canada/Documents/GitHub/prisma-game/PrismaGame2023/Content/ThirdPerson/Blueprints/322434__glitchedtones__lever-latch-close__mp3cut_net_.uasset" 720
"C:/Users/kafou/OneDrive - Concordia University - Canada/Documents/GitHub/prisma-game/PrismaGame2023/Content/ThirdPerson/Blueprints/322434__glitchedtones__lever-latch-close__mp3cut_net_.uexp" 721
"C:/Users/kafou/OneDrive - Concordia University - Canada/Documents/GitHub/prisma-game/PrismaGame2023/Content/ThirdPerson/Blueprints/BP_Lever.uasset" 722
"C:/Users/kafou/OneDrive - Concordia University - Canada/Documents/GitHub/prisma-game/PrismaGame2023/Content/ThirdPerson/Blueprints/BP_Lever.uexp" 723
"C:/Users/kafou/OneDrive - Concordia University - Canada/Documents/GitHub/prisma-game/PrismaGame2023/Content/Materials/M_BackWall.uasset" 724
"C:/Users/kafou/OneDrive - Concordia University - Canada/Documents/GitHub/prisma-game/PrismaGame2023/Content/Materials/M_BackWall.uexp" 725
"../../../Engine/Content/BasicShapes/BasicShapeMaterial.uasset" 726
"../../../Engine/Content/BasicShapes/BasicShapeMaterial.uexp" 727
"C:/Users/kafou/OneDrive - Concordia University - Canada/Documents/GitHub/prisma-game/PrismaGame2023/Content/Models/Ladder.ubulk" 728
"C:/Users/kafou/OneDrive - Concordia University - Canada/Documents/GitHub/prisma-game/PrismaGame2023/Content/Models/Ladder.uasset" 729
"C:/Users/kafou/OneDrive - Concordia University - Canada/Documents/GitHub/prisma-game/PrismaGame2023/Content/Models/Ladder.uexp" 730
"C:/Users/kafou/OneDrive - Concordia University - Canada/Documents/GitHub/prisma-game/PrismaGame2023/Content/ThirdPerson/Blueprints/BP_Ladder.uasset" 731
"C:/Users/kafou/OneDrive - Concordia University - Canada/Documents/GitHub/prisma-game/PrismaGame2023/Content/ThirdPerson/Blueprints/BP_Ladder.uexp" 732
"C:/Users/kafou/OneDrive - Concordia University - Canada/Documents/GitHub/prisma-game/PrismaGame2023/Content/Levels/Level_One.uexp" 733
"C:/Users/kafou/OneDrive - Concordia University - Canada/Documents/GitHub/prisma-game/PrismaGame2023/Content/Levels/Level_One.umap" 734
"../../../Engine/Content/Maps/Entry_BuiltData.uasset" 735
"../../../Engine/Content/Maps/Entry_BuiltData.uexp" 736
"../../../Engine/Content/Maps/Entry.uexp" 737
"../../../Engine/Content/Maps/Entry.umap" 738
